<?xml version="1.0" encoding="UTF-8"?>
<testng-results skipped="0" failed="0" total="1" passed="1">
  <reporter-output>
  </reporter-output>
  <suite name="Default suite" duration-ms="32827" started-at="2017-04-25T14:37:09Z" finished-at="2017-04-25T14:37:42Z">
    <groups>
    </groups>
    <test name="Default test" duration-ms="32827" started-at="2017-04-25T14:37:09Z" finished-at="2017-04-25T14:37:42Z">
      <class name="org.Sample2.Test2.NewTest2">
        <test-method status="PASS" signature="Test1()[pri:0, instance:org.Sample2.Test2.NewTest2@18be83e4]" name="Test1" duration-ms="32716" started-at="2017-04-25T15:37:09Z" finished-at="2017-04-25T15:37:42Z">
          <reporter-output>
          </reporter-output>
        </test-method> <!-- Test1 -->
      </class> <!-- org.Sample2.Test2.NewTest2 -->
    </test> <!-- Default test -->
  </suite> <!-- Default suite -->
</testng-results>
